# JRE version: Java(TM) SE Runtime Environment (8.0_131-b11) (build 1.8.0_131-b11)
# Java VM: Java HotSpot(TM) 64-Bit Server VM (25.131-b11 mixed mode linux-amd64 compressed oops)
Heap:
 PSYoungGen      total 13824K, used 9113K [0x00000000f1180000, 0x00000000f2080000, 0x0000000100000000)
  eden space 12288K, 61% used [0x00000000f1180000,0x00000000f18ea470,0x00000000f1d80000)
  from space 1536K, 98% used [0x00000000f1d80000,0x00000000f1efc010,0x00000000f1f00000)
  to   space 1536K, 0% used [0x00000000f1f00000,0x00000000f1f00000,0x00000000f2080000)
 ParOldGen       total 31744K, used 5891K [0x00000000d3400000, 0x00000000d5300000, 0x00000000f1180000)
  object space 31744K, 18% used [0x00000000d3400000,0x00000000d39c0c08,0x00000000d5300000)
 Metaspace       used 11240K, capacity 11406K, committed 11520K, reserved 1058816K
  class space    used 1369K, capacity 1435K, committed 1536K, reserved 1048576K
GC Heap History (6 events):
Event: 23.406 GC heap before
{Heap before GC invocations=1 (full 0):
 PSYoungGen      total 13824K, used 12288K [0x00000000f1180000, 0x00000000f2080000, 0x0000000100000000)
  eden space 12288K, 100% used [0x00000000f1180000,0x00000000f1d80000,0x00000000f1d80000)
  from space 1536K, 0% used [0x00000000f1f00000,0x00000000f1f00000,0x00000000f2080000)
  to   space 1536K, 0% used [0x00000000f1d80000,0x00000000f1d80000,0x00000000f1f00000)
 ParOldGen       total 31744K, used 0K [0x00000000d3400000, 0x00000000d5300000, 0x00000000f1180000)
  object space 31744K, 0% used [0x00000000d3400000,0x00000000d3400000,0x00000000d5300000)
 Metaspace       used 6188K, capacity 6320K, committed 6528K, reserved 1056768K
  class space    used 752K, capacity 784K, committed 896K, reserved 1048576K
Event: 23.410 GC heap after
Heap after GC invocations=1 (full 0):
 PSYoungGen      total 13824K, used 1525K [0x00000000f1180000, 0x00000000f2080000, 0x0000000100000000)
  eden space 12288K, 0% used [0x00000000f1180000,0x00000000f1180000,0x00000000f1d80000)
  from space 1536K, 99% used [0x00000000f1d80000,0x00000000f1efd500,0x00000000f1f00000)
  to   space 1536K, 0% used [0x00000000f1f00000,0x00000000f1f00000,0x00000000f2080000)
 ParOldGen       total 31744K, used 474K [0x00000000d3400000, 0x00000000d5300000, 0x00000000f1180000)
  object space 31744K, 1% used [0x00000000d3400000,0x00000000d3476af0,0x00000000d5300000)
 Metaspace       used 6188K, capacity 6320K, committed 6528K, reserved 1056768K
  class space    used 752K, capacity 784K, committed 896K, reserved 1048576K
}
Event: 38.906 GC heap before
{Heap before GC invocations=2 (full 0):
 PSYoungGen      total 13824K, used 13813K [0x00000000f1180000, 0x00000000f2080000, 0x0000000100000000)
  eden space 12288K, 100% used [0x00000000f1180000,0x00000000f1d80000,0x00000000f1d80000)
  from space 1536K, 99% used [0x00000000f1d80000,0x00000000f1efd500,0x00000000f1f00000)
  to   space 1536K, 0% used [0x00000000f1f00000,0x00000000f1f00000,0x00000000f2080000)
 ParOldGen       total 31744K, used 474K [0x00000000d3400000, 0x00000000d5300000, 0x00000000f1180000)
  object space 31744K, 1% used [0x00000000d3400000,0x00000000d3476af0,0x00000000d5300000)
 Metaspace       used 9851K, capacity 10018K, committed 10240K, reserved 1058816K
  class space    used 1143K, capacity 1209K, committed 1280K, reserved 1048576K
Event: 38.919 GC heap after
Heap after GC invocations=2 (full 0):
 PSYoungGen      total 13824K, used 1520K [0x00000000f1180000, 0x00000000f2080000, 0x0000000100000000)
  eden space 12288K, 0% used [0x00000000f1180000,0x00000000f1180000,0x00000000f1d80000)
  from space 1536K, 98% used [0x00000000f1f00000,0x00000000f207c020,0x00000000f2080000)
  to   space 1536K, 0% used [0x00000000f1d80000,0x00000000f1d80000,0x00000000f1f00000)
 ParOldGen       total 31744K, used 5110K [0x00000000d3400000, 0x00000000d5300000, 0x00000000f1180000)
  object space 31744K, 16% used [0x00000000d3400000,0x00000000d38fda70,0x00000000d5300000)
 Metaspace       used 9851K, capacity 10018K, committed 10240K, reserved 1058816K
  class space    used 1143K, capacity 1209K, committed 1280K, reserved 1048576K
}
Event: 41.968 GC heap before
{Heap before GC invocations=3 (full 0):
 PSYoungGen      total 13824K, used 13808K [0x00000000f1180000, 0x00000000f2080000, 0x0000000100000000)
  eden space 12288K, 100% used [0x00000000f1180000,0x00000000f1d80000,0x00000000f1d80000)
  from space 1536K, 98% used [0x00000000f1f00000,0x00000000f207c020,0x00000000f2080000)
  to   space 1536K, 0% used [0x00000000f1d80000,0x00000000f1d80000,0x00000000f1f00000)
 ParOldGen       total 31744K, used 5110K [0x00000000d3400000, 0x00000000d5300000, 0x00000000f1180000)
  object space 31744K, 16% used [0x00000000d3400000,0x00000000d38fda70,0x00000000d5300000)
 Metaspace       used 11122K, capacity 11272K, committed 11520K, reserved 1058816K
  class space    used 1340K, capacity 1434K, committed 1536K, reserved 1048576K
Event: 41.973 GC heap after
Heap after GC invocations=3 (full 0):
 PSYoungGen      total 13824K, used 1520K [0x00000000f1180000, 0x00000000f2080000, 0x0000000100000000)
  eden space 12288K, 0% used [0x00000000f1180000,0x00000000f1180000,0x00000000f1d80000)
  from space 1536K, 98% used [0x00000000f1d80000,0x00000000f1efc010,0x00000000f1f00000)
  to   space 1536K, 0% used [0x00000000f1f00000,0x00000000f1f00000,0x00000000f2080000)
 ParOldGen       total 31744K, used 5891K [0x00000000d3400000, 0x00000000d5300000, 0x00000000f1180000)
  object space 31744K, 18% used [0x00000000d3400000,0x00000000d39c0c08,0x00000000d5300000)
 Metaspace       used 11122K, capacity 11272K, committed 11520K, reserved 1058816K
  class space    used 1340K, capacity 1434K, committed 1536K, reserved 1048576K
}

