# JRE version: Java(TM) SE Runtime Environment (8.0_131-b11) (build 1.8.0_131-b11)
# Java VM: Java HotSpot(TM) 64-Bit Server VM (25.131-b11 mixed mode linux-amd64 compressed oops)
Heap:
 PSYoungGen      total 13824K, used 8786K [0x00000000f1180000, 0x00000000f2080000, 0x0000000100000000)
  eden space 12288K, 59% used [0x00000000f1180000,0x00000000f189ca40,0x00000000f1d80000)
  from space 1536K, 97% used [0x00000000f1d80000,0x00000000f1ef8020,0x00000000f1f00000)
  to   space 1536K, 0% used [0x00000000f1f00000,0x00000000f1f00000,0x00000000f2080000)
 ParOldGen       total 31744K, used 5760K [0x00000000d3400000, 0x00000000d5300000, 0x00000000f1180000)
  object space 31744K, 18% used [0x00000000d3400000,0x00000000d39a00b8,0x00000000d5300000)
 Metaspace       used 11222K, capacity 11406K, committed 11520K, reserved 1058816K
  class space    used 1367K, capacity 1435K, committed 1536K, reserved 1048576K
GC Heap History (6 events):
Event: 3.806 GC heap before
{Heap before GC invocations=1 (full 0):
 PSYoungGen      total 13824K, used 12286K [0x00000000f1180000, 0x00000000f2080000, 0x0000000100000000)
  eden space 12288K, 99% used [0x00000000f1180000,0x00000000f1d7fa80,0x00000000f1d80000)
  from space 1536K, 0% used [0x00000000f1f00000,0x00000000f1f00000,0x00000000f2080000)
  to   space 1536K, 0% used [0x00000000f1d80000,0x00000000f1d80000,0x00000000f1f00000)
 ParOldGen       total 31744K, used 0K [0x00000000d3400000, 0x00000000d5300000, 0x00000000f1180000)
  object space 31744K, 0% used [0x00000000d3400000,0x00000000d3400000,0x00000000d5300000)
 Metaspace       used 6223K, capacity 6320K, committed 6528K, reserved 1056768K
  class space    used 755K, capacity 784K, committed 896K, reserved 1048576K
Event: 3.814 GC heap after
Heap after GC invocations=1 (full 0):
 PSYoungGen      total 13824K, used 1509K [0x00000000f1180000, 0x00000000f2080000, 0x0000000100000000)
  eden space 12288K, 0% used [0x00000000f1180000,0x00000000f1180000,0x00000000f1d80000)
  from space 1536K, 98% used [0x00000000f1d80000,0x00000000f1ef94f0,0x00000000f1f00000)
  to   space 1536K, 0% used [0x00000000f1f00000,0x00000000f1f00000,0x00000000f2080000)
 ParOldGen       total 31744K, used 515K [0x00000000d3400000, 0x00000000d5300000, 0x00000000f1180000)
  object space 31744K, 1% used [0x00000000d3400000,0x00000000d3480d38,0x00000000d5300000)
 Metaspace       used 6223K, capacity 6320K, committed 6528K, reserved 1056768K
  class space    used 755K, capacity 784K, committed 896K, reserved 1048576K
}
Event: 6.104 GC heap before
{Heap before GC invocations=2 (full 0):
 PSYoungGen      total 13824K, used 13797K [0x00000000f1180000, 0x00000000f2080000, 0x0000000100000000)
  eden space 12288K, 100% used [0x00000000f1180000,0x00000000f1d80000,0x00000000f1d80000)
  from space 1536K, 98% used [0x00000000f1d80000,0x00000000f1ef94f0,0x00000000f1f00000)
  to   space 1536K, 0% used [0x00000000f1f00000,0x00000000f1f00000,0x00000000f2080000)
 ParOldGen       total 31744K, used 515K [0x00000000d3400000, 0x00000000d5300000, 0x00000000f1180000)
  object space 31744K, 1% used [0x00000000d3400000,0x00000000d3480d38,0x00000000d5300000)
 Metaspace       used 9823K, capacity 9954K, committed 10240K, reserved 1058816K
  class space    used 1142K, capacity 1209K, committed 1280K, reserved 1048576K
Event: 6.115 GC heap after
Heap after GC invocations=2 (full 0):
 PSYoungGen      total 13824K, used 1504K [0x00000000f1180000, 0x00000000f2080000, 0x0000000100000000)
  eden space 12288K, 0% used [0x00000000f1180000,0x00000000f1180000,0x00000000f1d80000)
  from space 1536K, 97% used [0x00000000f1f00000,0x00000000f2078020,0x00000000f2080000)
  to   space 1536K, 0% used [0x00000000f1d80000,0x00000000f1d80000,0x00000000f1f00000)
 ParOldGen       total 31744K, used 5147K [0x00000000d3400000, 0x00000000d5300000, 0x00000000f1180000)
  object space 31744K, 16% used [0x00000000d3400000,0x00000000d3906f30,0x00000000d5300000)
 Metaspace       used 9823K, capacity 9954K, committed 10240K, reserved 1058816K
  class space    used 1142K, capacity 1209K, committed 1280K, reserved 1048576K
}
Event: 7.445 GC heap before
{Heap before GC invocations=3 (full 0):
 PSYoungGen      total 13824K, used 13792K [0x00000000f1180000, 0x00000000f2080000, 0x0000000100000000)
  eden space 12288K, 100% used [0x00000000f1180000,0x00000000f1d80000,0x00000000f1d80000)
  from space 1536K, 97% used [0x00000000f1f00000,0x00000000f2078020,0x00000000f2080000)
  to   space 1536K, 0% used [0x00000000f1d80000,0x00000000f1d80000,0x00000000f1f00000)
 ParOldGen       total 31744K, used 5147K [0x00000000d3400000, 0x00000000d5300000, 0x00000000f1180000)
  object space 31744K, 16% used [0x00000000d3400000,0x00000000d3906f30,0x00000000d5300000)
 Metaspace       used 11108K, capacity 11272K, committed 11520K, reserved 1058816K
  class space    used 1341K, capacity 1434K, committed 1536K, reserved 1048576K
Event: 7.450 GC heap after
Heap after GC invocations=3 (full 0):
 PSYoungGen      total 13824K, used 1504K [0x00000000f1180000, 0x00000000f2080000, 0x0000000100000000)
  eden space 12288K, 0% used [0x00000000f1180000,0x00000000f1180000,0x00000000f1d80000)
  from space 1536K, 97% used [0x00000000f1d80000,0x00000000f1ef8020,0x00000000f1f00000)
  to   space 1536K, 0% used [0x00000000f1f00000,0x00000000f1f00000,0x00000000f2080000)
 ParOldGen       total 31744K, used 5760K [0x00000000d3400000, 0x00000000d5300000, 0x00000000f1180000)
  object space 31744K, 18% used [0x00000000d3400000,0x00000000d39a00b8,0x00000000d5300000)
 Metaspace       used 11108K, capacity 11272K, committed 11520K, reserved 1058816K
  class space    used 1341K, capacity 1434K, committed 1536K, reserved 1048576K
}

