# JRE version: Java(TM) SE Runtime Environment (8.0_131-b11) (build 1.8.0_131-b11)
# Java VM: Java HotSpot(TM) 64-Bit Server VM (25.131-b11 mixed mode linux-amd64 compressed oops)
Heap:
 PSYoungGen      total 13824K, used 10332K [0x00000000f1180000, 0x00000000f2c80000, 0x0000000100000000)
  eden space 12288K, 71% used [0x00000000f1180000,0x00000000f1a1f1e0,0x00000000f1d80000)
  from space 1536K, 97% used [0x00000000f1d80000,0x00000000f1ef8020,0x00000000f1f00000)
  to   space 1536K, 0% used [0x00000000f2b00000,0x00000000f2b00000,0x00000000f2c80000)
 ParOldGen       total 31744K, used 3784K [0x00000000d3400000, 0x00000000d5300000, 0x00000000f1180000)
  object space 31744K, 11% used [0x00000000d3400000,0x00000000d37b2168,0x00000000d5300000)
 Metaspace       used 11111K, capacity 11304K, committed 11392K, reserved 1058816K
  class space    used 1351K, capacity 1402K, committed 1408K, reserved 1048576K
GC Heap History (6 events):
Event: 1.047 GC heap before
{Heap before GC invocations=1 (full 0):
 PSYoungGen      total 13824K, used 12288K [0x00000000f1180000, 0x00000000f2080000, 0x0000000100000000)
  eden space 12288K, 100% used [0x00000000f1180000,0x00000000f1d80000,0x00000000f1d80000)
  from space 1536K, 0% used [0x00000000f1f00000,0x00000000f1f00000,0x00000000f2080000)
  to   space 1536K, 0% used [0x00000000f1d80000,0x00000000f1d80000,0x00000000f1f00000)
 ParOldGen       total 31744K, used 0K [0x00000000d3400000, 0x00000000d5300000, 0x00000000f1180000)
  object space 31744K, 0% used [0x00000000d3400000,0x00000000d3400000,0x00000000d5300000)
 Metaspace       used 6200K, capacity 6320K, committed 6528K, reserved 1056768K
  class space    used 752K, capacity 784K, committed 896K, reserved 1048576K
Event: 1.053 GC heap after
Heap after GC invocations=1 (full 0):
 PSYoungGen      total 13824K, used 1512K [0x00000000f1180000, 0x00000000f2080000, 0x0000000100000000)
  eden space 12288K, 0% used [0x00000000f1180000,0x00000000f1180000,0x00000000f1d80000)
  from space 1536K, 98% used [0x00000000f1d80000,0x00000000f1efa270,0x00000000f1f00000)
  to   space 1536K, 0% used [0x00000000f1f00000,0x00000000f1f00000,0x00000000f2080000)
 ParOldGen       total 31744K, used 525K [0x00000000d3400000, 0x00000000d5300000, 0x00000000f1180000)
  object space 31744K, 1% used [0x00000000d3400000,0x00000000d34837f8,0x00000000d5300000)
 Metaspace       used 6200K, capacity 6320K, committed 6528K, reserved 1056768K
  class space    used 752K, capacity 784K, committed 896K, reserved 1048576K
}
Event: 1.723 GC heap before
{Heap before GC invocations=2 (full 0):
 PSYoungGen      total 13824K, used 12009K [0x00000000f1180000, 0x00000000f2080000, 0x0000000100000000)
  eden space 12288K, 85% used [0x00000000f1180000,0x00000000f1bc0480,0x00000000f1d80000)
  from space 1536K, 98% used [0x00000000f1d80000,0x00000000f1efa270,0x00000000f1f00000)
  to   space 1536K, 0% used [0x00000000f1f00000,0x00000000f1f00000,0x00000000f2080000)
 ParOldGen       total 31744K, used 525K [0x00000000d3400000, 0x00000000d5300000, 0x00000000f1180000)
  object space 31744K, 1% used [0x00000000d3400000,0x00000000d34837f8,0x00000000d5300000)
 Metaspace       used 9721K, capacity 9826K, committed 9984K, reserved 1058816K
  class space    used 1142K, capacity 1209K, committed 1280K, reserved 1048576K
Event: 1.735 GC heap after
Heap after GC invocations=2 (full 0):
 PSYoungGen      total 13824K, used 1504K [0x00000000f1180000, 0x00000000f2c80000, 0x0000000100000000)
  eden space 12288K, 0% used [0x00000000f1180000,0x00000000f1180000,0x00000000f1d80000)
  from space 1536K, 97% used [0x00000000f1f00000,0x00000000f2078030,0x00000000f2080000)
  to   space 1536K, 0% used [0x00000000f1d80000,0x00000000f1d80000,0x00000000f1f00000)
 ParOldGen       total 31744K, used 1522K [0x00000000d3400000, 0x00000000d5300000, 0x00000000f1180000)
  object space 31744K, 4% used [0x00000000d3400000,0x00000000d357ca78,0x00000000d5300000)
 Metaspace       used 9721K, capacity 9826K, committed 9984K, reserved 1058816K
  class space    used 1142K, capacity 1209K, committed 1280K, reserved 1048576K
}
Event: 2.190 GC heap before
{Heap before GC invocations=3 (full 0):
 PSYoungGen      total 13824K, used 13792K [0x00000000f1180000, 0x00000000f2c80000, 0x0000000100000000)
  eden space 12288K, 100% used [0x00000000f1180000,0x00000000f1d80000,0x00000000f1d80000)
  from space 1536K, 97% used [0x00000000f1f00000,0x00000000f2078030,0x00000000f2080000)
  to   space 1536K, 0% used [0x00000000f1d80000,0x00000000f1d80000,0x00000000f1f00000)
 ParOldGen       total 31744K, used 1522K [0x00000000d3400000, 0x00000000d5300000, 0x00000000f1180000)
  object space 31744K, 4% used [0x00000000d3400000,0x00000000d357ca78,0x00000000d5300000)
 Metaspace       used 10846K, capacity 10984K, committed 11136K, reserved 1058816K
  class space    used 1284K, capacity 1338K, committed 1408K, reserved 1048576K
Event: 2.237 GC heap after
Heap after GC invocations=3 (full 0):
 PSYoungGen      total 13824K, used 1504K [0x00000000f1180000, 0x00000000f2c80000, 0x0000000100000000)
  eden space 12288K, 0% used [0x00000000f1180000,0x00000000f1180000,0x00000000f1d80000)
  from space 1536K, 97% used [0x00000000f1d80000,0x00000000f1ef8020,0x00000000f1f00000)
  to   space 1536K, 0% used [0x00000000f2b00000,0x00000000f2b00000,0x00000000f2c80000)
 ParOldGen       total 31744K, used 3784K [0x00000000d3400000, 0x00000000d5300000, 0x00000000f1180000)
  object space 31744K, 11% used [0x00000000d3400000,0x00000000d37b2168,0x00000000d5300000)
 Metaspace       used 10846K, capacity 10984K, committed 11136K, reserved 1058816K
  class space    used 1284K, capacity 1338K, committed 1408K, reserved 1048576K
}

